# JRE version: OpenJDK Runtime Environment Temurin-21.0.12.1+1 (21.0.12.1+1) (build 21.0.12.1+1-LTS)
# Java VM: OpenJDK 64-Bit Server VM Temurin-21.0.12.1+1 (21.0.12.1+1-LTS, mixed mode, sharing, tiered, compressed oops, compressed class ptrs, g1 gc, windows-amd64)
GC Precious Log:
 CardTable entry size: 512
 Card Set container configuration: InlinePtr #cards 5 size 8 Array Of Cards #cards 12 size 40 Howl #buckets 4 coarsen threshold 1843 Howl Bitmap #cards 512 size 80 coarsen threshold 460 Card regions per heap region 1 cards per card region 2048
 CPUs: 8 total, 8 available
 Memory: 16165M
 Large Page Support: Disabled
 NUMA Support: Disabled
 Compressed Oops: Enabled (32-bit)
 Heap Region Size: 1M
 Heap Min Capacity: 8M
 Heap Initial Capacity: 254M
 Heap Max Capacity: 2G
 Pre-touch: Disabled
 Parallel Workers: 8
 Concurrent Workers: 2
 Concurrent Refinement Workers: 8
 Periodic GC: Disabled
Heap:
 garbage-first heap   total 101376K, used 83716K [0x0000000080000000, 0x0000000100000000)
  region size 1024K, 27 young (27648K), 5 survivors (5120K)
 Metaspace       used 67227K, committed 69120K, reserved 491520K
  class space    used 9730K, committed 10688K, reserved 425984K
GC Heap History (20 events):
Event: 23.734 GC heap before
{Heap before GC invocations=10 (full 0):
 garbage-first heap   total 81920K, used 45108K [0x0000000080000000, 0x0000000100000000)
  region size 1024K, 10 young (10240K), 2 survivors (2048K)
 Metaspace       used 41580K, committed 43072K, reserved 491520K
  class space    used 6078K, committed 6784K, reserved 425984K
}
Event: 23.736 GC heap after
{Heap after GC invocations=11 (full 0):
 garbage-first heap   total 81920K, used 38284K [0x0000000080000000, 0x0000000100000000)
  region size 1024K, 2 young (2048K), 2 survivors (2048K)
 Metaspace       used 41580K, committed 43072K, reserved 491520K
  class space    used 6078K, committed 6784K, reserved 425984K
}
Event: 23.738 GC heap before
{Heap before GC invocations=11 (full 0):
 garbage-first heap   total 81920K, used 39308K [0x0000000080000000, 0x0000000100000000)
  region size 1024K, 3 young (3072K), 2 survivors (2048K)
 Metaspace       used 41580K, committed 43072K, reserved 491520K
  class space    used 6078K, committed 6784K, reserved 425984K
}
Event: 23.740 GC heap after
{Heap after GC invocations=12 (full 0):
 garbage-first heap   total 81920K, used 38768K [0x0000000080000000, 0x0000000100000000)
  region size 1024K, 2 young (2048K), 2 survivors (2048K)
 Metaspace       used 41580K, committed 43072K, reserved 491520K
  class space    used 6078K, committed 6784K, reserved 425984K
}
Event: 27.004 GC heap before
{Heap before GC invocations=13 (full 0):
 garbage-first heap   total 81920K, used 74608K [0x0000000080000000, 0x0000000100000000)
  region size 1024K, 36 young (36864K), 2 survivors (2048K)
 Metaspace       used 45846K, committed 47488K, reserved 491520K
  class space    used 6681K, committed 7488K, reserved 425984K
}
Event: 27.006 GC heap after
{Heap after GC invocations=14 (full 0):
 garbage-first heap   total 81920K, used 39106K [0x0000000080000000, 0x0000000100000000)
  region size 1024K, 3 young (3072K), 3 survivors (3072K)
 Metaspace       used 45846K, committed 47488K, reserved 491520K
  class space    used 6681K, committed 7488K, reserved 425984K
}
Event: 29.469 GC heap before
{Heap before GC invocations=14 (full 0):
 garbage-first heap   total 81920K, used 74946K [0x0000000080000000, 0x0000000100000000)
  region size 1024K, 38 young (38912K), 3 survivors (3072K)
 Metaspace       used 49161K, committed 50880K, reserved 491520K
  class space    used 7224K, committed 8064K, reserved 425984K
}
Event: 29.473 GC heap after
{Heap after GC invocations=15 (full 0):
 garbage-first heap   total 81920K, used 41157K [0x0000000080000000, 0x0000000100000000)
  region size 1024K, 5 young (5120K), 5 survivors (5120K)
 Metaspace       used 49161K, committed 50880K, reserved 491520K
  class space    used 7224K, committed 8064K, reserved 425984K
}
Event: 32.232 GC heap before
{Heap before GC invocations=15 (full 0):
 garbage-first heap   total 81920K, used 67781K [0x0000000080000000, 0x0000000100000000)
  region size 1024K, 32 young (32768K), 5 survivors (5120K)
 Metaspace       used 51718K, committed 53504K, reserved 491520K
  class space    used 7668K, committed 8576K, reserved 425984K
}
Event: 32.236 GC heap after
{Heap after GC invocations=16 (full 0):
 garbage-first heap   total 81920K, used 42491K [0x0000000080000000, 0x0000000100000000)
  region size 1024K, 4 young (4096K), 4 survivors (4096K)
 Metaspace       used 51718K, committed 53504K, reserved 491520K
  class space    used 7668K, committed 8576K, reserved 425984K
}
Event: 34.686 GC heap before
{Heap before GC invocations=17 (full 0):
 garbage-first heap   total 86016K, used 84475K [0x0000000080000000, 0x0000000100000000)
  region size 1024K, 34 young (34816K), 4 survivors (4096K)
 Metaspace       used 55263K, committed 57088K, reserved 491520K
  class space    used 8144K, committed 9088K, reserved 425984K
}
Event: 34.691 GC heap after
{Heap after GC invocations=18 (full 0):
 garbage-first heap   total 93184K, used 57627K [0x0000000080000000, 0x0000000100000000)
  region size 1024K, 5 young (5120K), 5 survivors (5120K)
 Metaspace       used 55263K, committed 57088K, reserved 491520K
  class space    used 8144K, committed 9088K, reserved 425984K
}
Event: 37.190 GC heap before
{Heap before GC invocations=18 (full 0):
 garbage-first heap   total 93184K, used 85275K [0x0000000080000000, 0x0000000100000000)
  region size 1024K, 32 young (32768K), 5 survivors (5120K)
 Metaspace       used 57959K, committed 59776K, reserved 491520K
  class space    used 8525K, committed 9408K, reserved 425984K
}
Event: 37.193 GC heap after
{Heap after GC invocations=19 (full 0):
 garbage-first heap   total 93184K, used 57744K [0x0000000080000000, 0x0000000100000000)
  region size 1024K, 2 young (2048K), 2 survivors (2048K)
 Metaspace       used 57959K, committed 59776K, reserved 491520K
  class space    used 8525K, committed 9408K, reserved 425984K
}
Event: 38.497 GC heap before
{Heap before GC invocations=19 (full 0):
 garbage-first heap   total 93184K, used 85392K [0x0000000080000000, 0x0000000100000000)
  region size 1024K, 29 young (29696K), 2 survivors (2048K)
 Metaspace       used 60527K, committed 62400K, reserved 491520K
  class space    used 8856K, committed 9792K, reserved 425984K
}
Event: 38.500 GC heap after
{Heap after GC invocations=20 (full 0):
 garbage-first heap   total 93184K, used 59443K [0x0000000080000000, 0x0000000100000000)
  region size 1024K, 3 young (3072K), 3 survivors (3072K)
 Metaspace       used 60527K, committed 62400K, reserved 491520K
  class space    used 8856K, committed 9792K, reserved 425984K
}
Event: 39.970 GC heap before
{Heap before GC invocations=21 (full 0):
 garbage-first heap   total 101376K, used 86067K [0x0000000080000000, 0x0000000100000000)
  region size 1024K, 29 young (29696K), 3 survivors (3072K)
 Metaspace       used 62509K, committed 64384K, reserved 491520K
  class space    used 9103K, committed 10048K, reserved 425984K
}
Event: 39.973 GC heap after
{Heap after GC invocations=22 (full 0):
 garbage-first heap   total 101376K, used 60127K [0x0000000080000000, 0x0000000100000000)
  region size 1024K, 3 young (3072K), 3 survivors (3072K)
 Metaspace       used 62509K, committed 64384K, reserved 491520K
  class space    used 9103K, committed 10048K, reserved 425984K
}
Event: 41.182 GC heap before
{Heap before GC invocations=22 (full 0):
 garbage-first heap   total 101376K, used 92895K [0x0000000080000000, 0x0000000100000000)
  region size 1024K, 36 young (36864K), 3 survivors (3072K)
 Metaspace       used 64505K, committed 66432K, reserved 491520K
  class space    used 9372K, committed 10304K, reserved 425984K
}
Event: 41.185 GC heap after
{Heap after GC invocations=23 (full 0):
 garbage-first heap   total 101376K, used 62212K [0x0000000080000000, 0x0000000100000000)
  region size 1024K, 5 young (5120K), 5 survivors (5120K)
 Metaspace       used 64505K, committed 66432K, reserved 491520K
  class space    used 9372K, committed 10304K, reserved 425984K
}

