# JRE version: OpenJDK Runtime Environment Temurin-21.0.12.1+1 (21.0.12.1+1) (build 21.0.12.1+1-LTS)
# Java VM: OpenJDK 64-Bit Server VM Temurin-21.0.12.1+1 (21.0.12.1+1-LTS, mixed mode, sharing, tiered, compressed oops, compressed class ptrs, g1 gc, windows-amd64)
GC Precious Log:
 CardTable entry size: 512
 Card Set container configuration: InlinePtr #cards 5 size 8 Array Of Cards #cards 12 size 40 Howl #buckets 4 coarsen threshold 1843 Howl Bitmap #cards 512 size 80 coarsen threshold 460 Card regions per heap region 1 cards per card region 2048
 CPUs: 8 total, 8 available
 Memory: 16165M
 Large Page Support: Disabled
 NUMA Support: Disabled
 Compressed Oops: Enabled (32-bit)
 Heap Region Size: 1M
 Heap Min Capacity: 8M
 Heap Initial Capacity: 254M
 Heap Max Capacity: 2G
 Pre-touch: Disabled
 Parallel Workers: 8
 Concurrent Workers: 2
 Concurrent Refinement Workers: 8
 Periodic GC: Disabled
Heap:
 garbage-first heap   total 110592K, used 75238K [0x0000000080000000, 0x0000000100000000)
  region size 1024K, 7 young (7168K), 4 survivors (4096K)
 Metaspace       used 72187K, committed 74176K, reserved 491520K
  class space    used 10558K, committed 11520K, reserved 425984K
GC Heap History (20 events):
Event: 51.970 GC heap before
{Heap before GC invocations=13 (full 0):
 garbage-first heap   total 81920K, used 71680K [0x0000000080000000, 0x0000000100000000)
  region size 1024K, 33 young (33792K), 5 survivors (5120K)
 Metaspace       used 51423K, committed 53248K, reserved 491520K
  class space    used 7619K, committed 8512K, reserved 425984K
}
Event: 51.974 GC heap after
{Heap after GC invocations=14 (full 0):
 garbage-first heap   total 81920K, used 43303K [0x0000000080000000, 0x0000000100000000)
  region size 1024K, 2 young (2048K), 2 survivors (2048K)
 Metaspace       used 51423K, committed 53248K, reserved 491520K
  class space    used 7619K, committed 8512K, reserved 425984K
}
Event: 53.969 GC heap before
{Heap before GC invocations=15 (full 0):
 garbage-first heap   total 81920K, used 76071K [0x0000000080000000, 0x0000000100000000)
  region size 1024K, 30 young (30720K), 2 survivors (2048K)
 Metaspace       used 54893K, committed 56768K, reserved 491520K
  class space    used 8087K, committed 9024K, reserved 425984K
}
Event: 53.972 GC heap after
{Heap after GC invocations=16 (full 0):
 garbage-first heap   total 81920K, used 49375K [0x0000000080000000, 0x0000000100000000)
  region size 1024K, 4 young (4096K), 4 survivors (4096K)
 Metaspace       used 54893K, committed 56768K, reserved 491520K
  class space    used 8087K, committed 9024K, reserved 425984K
}
Event: 55.016 GC heap before
{Heap before GC invocations=16 (full 0):
 garbage-first heap   total 81920K, used 80095K [0x0000000080000000, 0x0000000100000000)
  region size 1024K, 27 young (27648K), 4 survivors (4096K)
 Metaspace       used 56584K, committed 58432K, reserved 491520K
  class space    used 8349K, committed 9280K, reserved 425984K
}
Event: 55.019 GC heap after
{Heap after GC invocations=17 (full 0):
 garbage-first heap   total 88064K, used 58517K [0x0000000080000000, 0x0000000100000000)
  region size 1024K, 4 young (4096K), 4 survivors (4096K)
 Metaspace       used 56584K, committed 58432K, reserved 491520K
  class space    used 8349K, committed 9280K, reserved 425984K
}
Event: 55.777 GC heap before
{Heap before GC invocations=17 (full 0):
 garbage-first heap   total 88064K, used 80021K [0x0000000080000000, 0x0000000100000000)
  region size 1024K, 25 young (25600K), 4 survivors (4096K)
 Metaspace       used 59090K, committed 60928K, reserved 491520K
  class space    used 8673K, committed 9600K, reserved 425984K
}
Event: 55.780 GC heap after
{Heap after GC invocations=18 (full 0):
 garbage-first heap   total 88064K, used 59125K [0x0000000080000000, 0x0000000100000000)
  region size 1024K, 3 young (3072K), 3 survivors (3072K)
 Metaspace       used 59090K, committed 60928K, reserved 491520K
  class space    used 8673K, committed 9600K, reserved 425984K
}
Event: 56.893 GC heap before
{Heap before GC invocations=19 (full 0):
 garbage-first heap   total 101376K, used 80629K [0x0000000080000000, 0x0000000100000000)
  region size 1024K, 24 young (24576K), 3 survivors (3072K)
 Metaspace       used 60861K, committed 62720K, reserved 491520K
  class space    used 8906K, committed 9856K, reserved 425984K
}
Event: 56.896 GC heap after
{Heap after GC invocations=20 (full 0):
 garbage-first heap   total 101376K, used 60705K [0x0000000080000000, 0x0000000100000000)
  region size 1024K, 3 young (3072K), 3 survivors (3072K)
 Metaspace       used 60861K, committed 62720K, reserved 491520K
  class space    used 8906K, committed 9856K, reserved 425984K
}
Event: 58.578 GC heap before
{Heap before GC invocations=20 (full 0):
 garbage-first heap   total 101376K, used 91425K [0x0000000080000000, 0x0000000100000000)
  region size 1024K, 34 young (34816K), 3 survivors (3072K)
 Metaspace       used 63026K, committed 64960K, reserved 491520K
  class space    used 9184K, committed 10176K, reserved 425984K
}
Event: 58.581 GC heap after
{Heap after GC invocations=21 (full 0):
 garbage-first heap   total 101376K, used 60520K [0x0000000080000000, 0x0000000100000000)
  region size 1024K, 4 young (4096K), 4 survivors (4096K)
 Metaspace       used 63026K, committed 64960K, reserved 491520K
  class space    used 9184K, committed 10176K, reserved 425984K
}
Event: 60.197 GC heap before
{Heap before GC invocations=21 (full 0):
 garbage-first heap   total 101376K, used 93288K [0x0000000080000000, 0x0000000100000000)
  region size 1024K, 36 young (36864K), 4 survivors (4096K)
 Metaspace       used 64757K, committed 66624K, reserved 491520K
  class space    used 9417K, committed 10368K, reserved 425984K
}
Event: 60.201 GC heap after
{Heap after GC invocations=22 (full 0):
 garbage-first heap   total 101376K, used 62507K [0x0000000080000000, 0x0000000100000000)
  region size 1024K, 5 young (5120K), 5 survivors (5120K)
 Metaspace       used 64757K, committed 66624K, reserved 491520K
  class space    used 9417K, committed 10368K, reserved 425984K
}
Event: 61.893 GC heap before
{Heap before GC invocations=23 (full 0):
 garbage-first heap   total 106496K, used 93227K [0x0000000080000000, 0x0000000100000000)
  region size 1024K, 35 young (35840K), 5 survivors (5120K)
 Metaspace       used 67259K, committed 69248K, reserved 491520K
  class space    used 9819K, committed 10816K, reserved 425984K
}
Event: 61.899 GC heap after
{Heap after GC invocations=24 (full 0):
 garbage-first heap   total 106496K, used 64206K [0x0000000080000000, 0x0000000100000000)
  region size 1024K, 4 young (4096K), 4 survivors (4096K)
 Metaspace       used 67259K, committed 69248K, reserved 491520K
  class space    used 9819K, committed 10816K, reserved 425984K
}
Event: 63.300 GC heap before
{Heap before GC invocations=24 (full 0):
 garbage-first heap   total 106496K, used 99022K [0x0000000080000000, 0x0000000100000000)
  region size 1024K, 38 young (38912K), 4 survivors (4096K)
 Metaspace       used 69302K, committed 71360K, reserved 491520K
  class space    used 10195K, committed 11200K, reserved 425984K
}
Event: 63.308 GC heap after
{Heap after GC invocations=25 (full 0):
 garbage-first heap   total 110592K, used 70411K [0x0000000080000000, 0x0000000100000000)
  region size 1024K, 5 young (5120K), 5 survivors (5120K)
 Metaspace       used 69302K, committed 71360K, reserved 491520K
  class space    used 10195K, committed 11200K, reserved 425984K
}
Event: 64.069 GC heap before
{Heap before GC invocations=25 (full 0):
 garbage-first heap   total 110592K, used 100107K [0x0000000080000000, 0x0000000100000000)
  region size 1024K, 34 young (34816K), 5 survivors (5120K)
 Metaspace       used 71962K, committed 73920K, reserved 491520K
  class space    used 10522K, committed 11520K, reserved 425984K
}
Event: 64.074 GC heap after
{Heap after GC invocations=26 (full 0):
 garbage-first heap   total 110592K, used 73190K [0x0000000080000000, 0x0000000100000000)
  region size 1024K, 4 young (4096K), 4 survivors (4096K)
 Metaspace       used 71962K, committed 73920K, reserved 491520K
  class space    used 10522K, committed 11520K, reserved 425984K
}

