# JRE version: Java(TM) SE Runtime Environment (17.0.11+7) (build 17.0.11+7-LTS-207)
# Java VM: Java HotSpot(TM) 64-Bit Server VM (17.0.11+7-LTS-207, mixed mode, sharing, tiered, compressed oops, compressed class ptrs, g1 gc, windows-amd64)
GC Precious Log:
 CPUs: 8 total, 8 available
 Memory: 16165M
 Large Page Support: Disabled
 NUMA Support: Disabled
 Compressed Oops: Enabled (Zero based)
 Heap Region Size: 4M
 Heap Min Capacity: 8M
 Heap Initial Capacity: 256M
 Heap Max Capacity: 4608M
 Pre-touch: Disabled
 Parallel Workers: 8
 Concurrent Workers: 2
 Concurrent Refinement Workers: 8
 Periodic GC: Disabled
Heap:
 garbage-first heap   total 958464K, used 676219K [0x00000006e0000000, 0x0000000800000000)
  region size 4096K, 24 young (98304K), 6 survivors (24576K)
 Metaspace       used 161929K, committed 165696K, reserved 1245184K
  class space    used 21795K, committed 23360K, reserved 1048576K
GC Heap History (20 events):
Event: 4060.302 GC heap before
{Heap before GC invocations=79 (full 0):
 garbage-first heap   total 958464K, used 517634K [0x00000006e0000000, 0x0000000800000000)
  region size 4096K, 11 young (45056K), 8 survivors (32768K)
 Metaspace       used 157444K, committed 160896K, reserved 1245184K
  class space    used 21424K, committed 22848K, reserved 1048576K
}
Event: 4060.330 GC heap after
{Heap after GC invocations=80 (full 0):
 garbage-first heap   total 958464K, used 485703K [0x00000006e0000000, 0x0000000800000000)
  region size 4096K, 2 young (8192K), 2 survivors (8192K)
 Metaspace       used 157444K, committed 160896K, reserved 1245184K
  class space    used 21424K, committed 22848K, reserved 1048576K
}
Event: 4068.758 GC heap before
{Heap before GC invocations=80 (full 0):
 garbage-first heap   total 958464K, used 747847K [0x00000006e0000000, 0x0000000800000000)
  region size 4096K, 67 young (274432K), 2 survivors (8192K)
 Metaspace       used 158666K, committed 162368K, reserved 1245184K
  class space    used 21581K, committed 23168K, reserved 1048576K
}
Event: 4068.775 GC heap after
{Heap after GC invocations=81 (full 0):
 garbage-first heap   total 958464K, used 511368K [0x00000006e0000000, 0x0000000800000000)
  region size 4096K, 8 young (32768K), 8 survivors (32768K)
 Metaspace       used 158666K, committed 162368K, reserved 1245184K
  class space    used 21581K, committed 23168K, reserved 1048576K
}
Event: 4074.327 GC heap before
{Heap before GC invocations=81 (full 0):
 garbage-first heap   total 958464K, used 761224K [0x00000006e0000000, 0x0000000800000000)
  region size 4096K, 70 young (286720K), 8 survivors (32768K)
 Metaspace       used 159023K, committed 162752K, reserved 1245184K
  class space    used 21586K, committed 23168K, reserved 1048576K
}
Event: 4074.342 GC heap after
{Heap after GC invocations=82 (full 0):
 garbage-first heap   total 958464K, used 514928K [0x00000006e0000000, 0x0000000800000000)
  region size 4096K, 5 young (20480K), 5 survivors (20480K)
 Metaspace       used 159023K, committed 162752K, reserved 1245184K
  class space    used 21586K, committed 23168K, reserved 1048576K
}
Event: 4078.053 GC heap before
{Heap before GC invocations=82 (full 0):
 garbage-first heap   total 958464K, used 764784K [0x00000006e0000000, 0x0000000800000000)
  region size 4096K, 67 young (274432K), 5 survivors (20480K)
 Metaspace       used 160122K, committed 163840K, reserved 1245184K
  class space    used 21680K, committed 23232K, reserved 1048576K
}
Event: 4078.068 GC heap after
{Heap after GC invocations=83 (full 0):
 garbage-first heap   total 958464K, used 535750K [0x00000006e0000000, 0x0000000800000000)
  region size 4096K, 8 young (32768K), 8 survivors (32768K)
 Metaspace       used 160122K, committed 163840K, reserved 1245184K
  class space    used 21680K, committed 23232K, reserved 1048576K
}
Event: 4079.891 GC heap before
{Heap before GC invocations=83 (full 0):
 garbage-first heap   total 958464K, used 769222K [0x00000006e0000000, 0x0000000800000000)
  region size 4096K, 66 young (270336K), 8 survivors (32768K)
 Metaspace       used 160566K, committed 164224K, reserved 1245184K
  class space    used 21708K, committed 23232K, reserved 1048576K
}
Event: 4079.907 GC heap after
{Heap after GC invocations=84 (full 0):
 garbage-first heap   total 958464K, used 550829K [0x00000006e0000000, 0x0000000800000000)
  region size 4096K, 7 young (28672K), 7 survivors (28672K)
 Metaspace       used 160566K, committed 164224K, reserved 1245184K
  class space    used 21708K, committed 23232K, reserved 1048576K
}
Event: 4081.616 GC heap before
{Heap before GC invocations=84 (full 0):
 garbage-first heap   total 958464K, used 772012K [0x00000006e0000000, 0x0000000800000000)
  region size 4096K, 62 young (253952K), 7 survivors (28672K)
 Metaspace       used 160721K, committed 164416K, reserved 1245184K
  class space    used 21712K, committed 23232K, reserved 1048576K
}
Event: 4081.630 GC heap after
{Heap after GC invocations=85 (full 0):
 garbage-first heap   total 958464K, used 561331K [0x00000006e0000000, 0x0000000800000000)
  region size 4096K, 7 young (28672K), 7 survivors (28672K)
 Metaspace       used 160721K, committed 164416K, reserved 1245184K
  class space    used 21712K, committed 23232K, reserved 1048576K
}
Event: 4083.298 GC heap before
{Heap before GC invocations=85 (full 0):
 garbage-first heap   total 958464K, used 778419K [0x00000006e0000000, 0x0000000800000000)
  region size 4096K, 60 young (245760K), 7 survivors (28672K)
 Metaspace       used 160933K, committed 164672K, reserved 1245184K
  class space    used 21719K, committed 23296K, reserved 1048576K
}
Event: 4083.308 GC heap after
{Heap after GC invocations=86 (full 0):
 garbage-first heap   total 958464K, used 560849K [0x00000006e0000000, 0x0000000800000000)
  region size 4096K, 5 young (20480K), 5 survivors (20480K)
 Metaspace       used 160933K, committed 164672K, reserved 1245184K
  class space    used 21719K, committed 23296K, reserved 1048576K
}
Event: 4088.396 GC heap before
{Heap before GC invocations=86 (full 0):
 garbage-first heap   total 958464K, used 777937K [0x00000006e0000000, 0x0000000800000000)
  region size 4096K, 59 young (241664K), 5 survivors (20480K)
 Metaspace       used 161396K, committed 165120K, reserved 1245184K
  class space    used 21749K, committed 23296K, reserved 1048576K
}
Event: 4088.411 GC heap after
{Heap after GC invocations=87 (full 0):
 garbage-first heap   total 958464K, used 580598K [0x00000006e0000000, 0x0000000800000000)
  region size 4096K, 8 young (32768K), 8 survivors (32768K)
 Metaspace       used 161396K, committed 165120K, reserved 1245184K
  class space    used 21749K, committed 23296K, reserved 1048576K
}
Event: 4089.902 GC heap before
{Heap before GC invocations=87 (full 0):
 garbage-first heap   total 958464K, used 781302K [0x00000006e0000000, 0x0000000800000000)
  region size 4096K, 58 young (237568K), 8 survivors (32768K)
 Metaspace       used 161527K, committed 165248K, reserved 1245184K
  class space    used 21752K, committed 23296K, reserved 1048576K
}
Event: 4089.917 GC heap after
{Heap after GC invocations=88 (full 0):
 garbage-first heap   total 958464K, used 597290K [0x00000006e0000000, 0x0000000800000000)
  region size 4096K, 7 young (28672K), 7 survivors (28672K)
 Metaspace       used 161527K, committed 165248K, reserved 1245184K
  class space    used 21752K, committed 23296K, reserved 1048576K
}
Event: 4092.223 GC heap before
{Heap before GC invocations=88 (full 0):
 garbage-first heap   total 958464K, used 781610K [0x00000006e0000000, 0x0000000800000000)
  region size 4096K, 53 young (217088K), 7 survivors (28672K)
 Metaspace       used 161700K, committed 165440K, reserved 1245184K
  class space    used 21757K, committed 23296K, reserved 1048576K
}
Event: 4092.240 GC heap after
{Heap after GC invocations=89 (full 0):
 garbage-first heap   total 958464K, used 610683K [0x00000006e0000000, 0x0000000800000000)
  region size 4096K, 6 young (24576K), 6 survivors (24576K)
 Metaspace       used 161700K, committed 165440K, reserved 1245184K
  class space    used 21757K, committed 23296K, reserved 1048576K
}

