# JRE version: Java(TM) SE Runtime Environment (17.0.11+7) (build 17.0.11+7-LTS-207)
# Java VM: Java HotSpot(TM) 64-Bit Server VM (17.0.11+7-LTS-207, mixed mode, sharing, tiered, compressed oops, compressed class ptrs, g1 gc, windows-amd64)
GC Precious Log:
 CPUs: 8 total, 8 available
 Memory: 7973M
 Large Page Support: Disabled
 NUMA Support: Disabled
 Compressed Oops: Enabled (Zero based)
 Heap Region Size: 4M
 Heap Min Capacity: 8M
 Heap Initial Capacity: 128M
 Heap Max Capacity: 4608M
 Pre-touch: Disabled
 Parallel Workers: 8
 Concurrent Workers: 2
 Concurrent Refinement Workers: 8
 Periodic GC: Disabled
Heap:
 garbage-first heap   total 466944K, used 306200K [0x00000006e0000000, 0x0000000800000000)
  region size 4096K, 3 young (12288K), 3 survivors (12288K)
 Metaspace       used 98337K, committed 100288K, reserved 1179648K
  class space    used 13701K, committed 14528K, reserved 1048576K
GC Heap History (20 events):
Event: 21.972 GC heap after
{Heap after GC invocations=40 (full 0):
 garbage-first heap   total 245760K, used 142494K [0x00000006e0000000, 0x0000000800000000)
  region size 4096K, 3 young (12288K), 3 survivors (12288K)
 Metaspace       used 86839K, committed 87936K, reserved 1179648K
  class space    used 12043K, committed 12544K, reserved 1048576K
}
Event: 22.405 GC heap before
{Heap before GC invocations=41 (full 0):
 garbage-first heap   total 262144K, used 183454K [0x00000006e0000000, 0x0000000800000000)
  region size 4096K, 14 young (57344K), 3 survivors (12288K)
 Metaspace       used 87373K, committed 88576K, reserved 1179648K
  class space    used 12119K, committed 12672K, reserved 1048576K
}
Event: 22.416 GC heap after
{Heap after GC invocations=42 (full 0):
 garbage-first heap   total 262144K, used 151821K [0x00000006e0000000, 0x0000000800000000)
  region size 4096K, 2 young (8192K), 2 survivors (8192K)
 Metaspace       used 87373K, committed 88576K, reserved 1179648K
  class space    used 12119K, committed 12672K, reserved 1048576K
}
Event: 22.483 GC heap before
{Heap before GC invocations=42 (full 0):
 garbage-first heap   total 262144K, used 155917K [0x00000006e0000000, 0x0000000800000000)
  region size 4096K, 3 young (12288K), 2 survivors (8192K)
 Metaspace       used 87463K, committed 88640K, reserved 1179648K
  class space    used 12135K, committed 12672K, reserved 1048576K
}
Event: 22.500 GC heap after
{Heap after GC invocations=43 (full 0):
 garbage-first heap   total 262144K, used 151292K [0x00000006e0000000, 0x0000000800000000)
  region size 4096K, 1 young (4096K), 1 survivors (4096K)
 Metaspace       used 87463K, committed 88640K, reserved 1179648K
  class space    used 12135K, committed 12672K, reserved 1048576K
}
Event: 23.299 GC heap before
{Heap before GC invocations=43 (full 0):
 garbage-first heap   total 262144K, used 196348K [0x00000006e0000000, 0x0000000800000000)
  region size 4096K, 12 young (49152K), 1 survivors (4096K)
 Metaspace       used 87807K, committed 89088K, reserved 1179648K
  class space    used 12179K, committed 12736K, reserved 1048576K
}
Event: 23.307 GC heap after
{Heap after GC invocations=44 (full 0):
 garbage-first heap   total 466944K, used 159284K [0x00000006e0000000, 0x0000000800000000)
  region size 4096K, 2 young (8192K), 2 survivors (8192K)
 Metaspace       used 87807K, committed 89088K, reserved 1179648K
  class space    used 12179K, committed 12736K, reserved 1048576K
}
Event: 25.780 GC heap before
{Heap before GC invocations=45 (full 0):
 garbage-first heap   total 466944K, used 314932K [0x00000006e0000000, 0x0000000800000000)
  region size 4096K, 39 young (159744K), 2 survivors (8192K)
 Metaspace       used 89036K, committed 90496K, reserved 1179648K
  class space    used 12372K, committed 12992K, reserved 1048576K
}
Event: 25.802 GC heap after
{Heap after GC invocations=46 (full 0):
 garbage-first heap   total 466944K, used 193346K [0x00000006e0000000, 0x0000000800000000)
  region size 4096K, 5 young (20480K), 5 survivors (20480K)
 Metaspace       used 89036K, committed 90496K, reserved 1179648K
  class space    used 12372K, committed 12992K, reserved 1048576K
}
Event: 25.854 GC heap before
{Heap before GC invocations=46 (full 0):
 garbage-first heap   total 466944K, used 197442K [0x00000006e0000000, 0x0000000800000000)
  region size 4096K, 6 young (24576K), 5 survivors (20480K)
 Metaspace       used 89037K, committed 90496K, reserved 1179648K
  class space    used 12373K, committed 12992K, reserved 1048576K
}
Event: 25.866 GC heap after
{Heap after GC invocations=47 (full 0):
 garbage-first heap   total 466944K, used 194408K [0x00000006e0000000, 0x0000000800000000)
  region size 4096K, 1 young (4096K), 1 survivors (4096K)
 Metaspace       used 89037K, committed 90496K, reserved 1179648K
  class space    used 12373K, committed 12992K, reserved 1048576K
}
Event: 27.323 GC heap before
{Heap before GC invocations=47 (full 0):
 garbage-first heap   total 466944K, used 321384K [0x00000006e0000000, 0x0000000800000000)
  region size 4096K, 32 young (131072K), 1 survivors (4096K)
 Metaspace       used 89996K, committed 91712K, reserved 1179648K
  class space    used 12537K, committed 13248K, reserved 1048576K
}
Event: 27.339 GC heap after
{Heap after GC invocations=48 (full 0):
 garbage-first heap   total 466944K, used 217522K [0x00000006e0000000, 0x0000000800000000)
  region size 4096K, 4 young (16384K), 4 survivors (16384K)
 Metaspace       used 89996K, committed 91712K, reserved 1179648K
  class space    used 12537K, committed 13248K, reserved 1048576K
}
Event: 28.305 GC heap before
{Heap before GC invocations=48 (full 0):
 garbage-first heap   total 466944K, used 332210K [0x00000006e0000000, 0x0000000800000000)
  region size 4096K, 32 young (131072K), 4 survivors (16384K)
 Metaspace       used 90851K, committed 92672K, reserved 1179648K
  class space    used 12687K, committed 13440K, reserved 1048576K
}
Event: 28.326 GC heap after
{Heap after GC invocations=49 (full 0):
 garbage-first heap   total 466944K, used 237826K [0x00000006e0000000, 0x0000000800000000)
  region size 4096K, 4 young (16384K), 4 survivors (16384K)
 Metaspace       used 90851K, committed 92672K, reserved 1179648K
  class space    used 12687K, committed 13440K, reserved 1048576K
}
Event: 29.196 GC heap before
{Heap before GC invocations=49 (full 0):
 garbage-first heap   total 466944K, used 344322K [0x00000006e0000000, 0x0000000800000000)
  region size 4096K, 30 young (122880K), 4 survivors (16384K)
 Metaspace       used 91375K, committed 93184K, reserved 1179648K
  class space    used 12753K, committed 13504K, reserved 1048576K
}
Event: 29.220 GC heap after
{Heap after GC invocations=50 (full 0):
 garbage-first heap   total 466944K, used 267940K [0x00000006e0000000, 0x0000000800000000)
  region size 4096K, 4 young (16384K), 4 survivors (16384K)
 Metaspace       used 91375K, committed 93184K, reserved 1179648K
  class space    used 12753K, committed 13504K, reserved 1048576K
}
Event: 30.157 GC heap before
{Heap before GC invocations=50 (full 0):
 garbage-first heap   total 466944K, used 353956K [0x00000006e0000000, 0x0000000800000000)
  region size 4096K, 25 young (102400K), 4 survivors (16384K)
 Metaspace       used 96820K, committed 98752K, reserved 1179648K
  class space    used 13526K, committed 14336K, reserved 1048576K
}
Event: 30.179 GC heap after
{Heap after GC invocations=51 (full 0):
 garbage-first heap   total 466944K, used 285077K [0x00000006e0000000, 0x0000000800000000)
  region size 4096K, 4 young (16384K), 4 survivors (16384K)
 Metaspace       used 96820K, committed 98752K, reserved 1179648K
  class space    used 13526K, committed 14336K, reserved 1048576K
}
Event: 30.917 GC heap before
{Heap before GC invocations=51 (full 0):
 garbage-first heap   total 466944K, used 358805K [0x00000006e0000000, 0x0000000800000000)
  region size 4096K, 23 young (94208K), 4 survivors (16384K)
 Metaspace       used 98337K, committed 100288K, reserved 1179648K
  class space    used 13701K, committed 14528K, reserved 1048576K
}

